<?xml version="1.0" encoding="UTF-8"?>
<testsuite xmlns:xsi="http://www.w3.org/2001/XMLSchema-instance" xsi:noNamespaceSchemaLocation="https://maven.apache.org/surefire/maven-surefire-plugin/xsd/surefire-test-report.xsd" name="Test_Setting_Name_Lastname_Email" time="19.915" tests="4" errors="0" skipped="0" failures="0">
  <properties>
[...]
</properties>
  <testcase name="setLastName" classname="Test_Setting_Name_Lastname_Email" time="19.417"/>
  <testcase name="check_female_radio_button" classname="Test_Gender_Selection" time="19.418"/>
  <testcase name="setName" classname="Test_Setting_Name_Lastname_Email" time="19.518"/>
  <testcase name="setEmail" classname="Test_Setting_Name_Lastname_Email" time="19.522"/>
</testsuite>